生成启动时间为 2019/8/14 16:04:24。
     1>项目“F:\demo\30-cms\cmu\prj_win\cmu.vcxproj”在节点 2 上(Rebuild 个目标)。
     1>ClCompile:
         E:\software\vs\VC\bin\CL.exe /c /I..\include /I"..\..\..\10-Common\include\\" /Zi /nologo /W3 /WX- /Od /Oy- /D WIN32 /D _DEBUG /D _CONSOLE /D _CRT_SECURE_NO_WARNINGS /D WIN32_LEAN_AND_MEAN /D _VC80_UPGRADE=0x0600 /D _MBCS /D _AFXDLL /Gm /EHsc /RTC1 /MDd /GS /Gy- /fp:precise /Zc:wchar_t /Zc:forScope /Zc:inline /GR /Fo".\Debug\\" /Fd".\Debug\vc140.pdb" /FR".\Debug\\" /Gd /TP /wd4503 /analyze- /errorReport:prompt ..\source\3pcinviteentrytask.cpp ..\source\3pcinvitetask.cpp ..\source\3pcmsgtask.cpp ..\source\3pcmsgentrytask.cpp ..\source\3pctask.cpp ..\source\catalogsstask.cpp ..\source\cmemorymngtask.cpp ..\source\cmuconf.cpp ..\source\cmuconnecttask.cpp ..\source\cmucoreapp.cpp ..\source\cmudata.cpp ..\source\cmudbg.cpp ..\source\cmupassiveconnecttask.cpp ..\source\cuiregtask.cpp ..\source\culogintask.cpp ..\source\devlogintask.cpp ..\source\domaincatalogssertask.cpp ..\source\domainpulistssertask.cpp ..\source\flowctrltask.cpp ..\source\getofflinedevtask.cpp ..\source\invitereceiverswitchtask.cpp ..\source\invitesenderswitchtask.cpp ..\source\inviteswitchtask.cpp ..\source\loginsession.cpp ..\source\main.cpp ..\source\nmstask.cpp ..\source\pubatchregtask.cpp ..\source\pudecinvitetask.cpp ..\source\puiregtask.cpp ..\source\pulistsstask.cpp ..\source\puptzctrltask.cpp ..\source\puregtask.cpp ..\source\pusstask.cpp ..\source\rediscomm.cpp ..\source\domainredissynctask.cpp ..\source\redisloginsession.cpp ..\source\redisssmng.cpp ..\source\switchentrytask.cpp ..\source\redisswitchunittask.cpp ..\source\regtastask.cpp ..\source\puinotifytask.cpp ..\source\ssbasetask.cpp ..\source\uaslogtask.cpp ..\source\vtduregtask.cpp
         vtduregtask.cpp
     1>F:\demo\10-Common\include\system/hiredis/hiredis.h(38): fatal error C1083: 无法打开包括文件: “sys/time.h”: No such file or directory
         uaslogtask.cpp
     1>F:\demo\10-Common\include\system/hiredis/hiredis.h(38): fatal error C1083: 无法打开包括文件: “sys/time.h”: No such file or directory
         ssbasetask.cpp
     1>F:\demo\10-Common\include\system/hiredis/hiredis.h(38): fatal error C1083: 无法打开包括文件: “sys/time.h”: No such file or directory
         puinotifytask.cpp
     1>F:\demo\10-Common\include\system/hiredis/hiredis.h(38): fatal error C1083: 无法打开包括文件: “sys/time.h”: No such file or directory
         regtastask.cpp
     1>F:\demo\10-Common\include\system/hiredis/hiredis.h(38): fatal error C1083: 无法打开包括文件: “sys/time.h”: No such file or directory
         redisswitchunittask.cpp
     1>F:\demo\10-Common\include\sdk/redissdk/redissdkdata.h(873): warning C4244: “参数”: 从“const u64”转换到“double”，可能丢失数据
     1>F:\demo\10-Common\include\sdk/redissdk/redissdkdata.h(883): warning C4244: “参数”: 从“const s64”转换到“double”，可能丢失数据
     1>F:\demo\10-Common\include\sdk/redissdk/redissdkdata.h(1127): warning C4244: “=”: 从“int”转换到“float”，可能丢失数据
     1>F:\demo\10-Common\include\system/hiredis/hiredis.h(38): fatal error C1083: 无法打开包括文件: “sys/time.h”: No such file or directory
         switchentrytask.cpp
     1>F:\demo\10-Common\include\sdk/redissdk/redissdkdata.h(873): warning C4244: “参数”: 从“const u64”转换到“double”，可能丢失数据
     1>F:\demo\10-Common\include\sdk/redissdk/redissdkdata.h(883): warning C4244: “参数”: 从“const s64”转换到“double”，可能丢失数据
     1>F:\demo\10-Common\include\sdk/redissdk/redissdkdata.h(1127): warning C4244: “=”: 从“int”转换到“float”，可能丢失数据
     1>F:\demo\10-Common\include\system/hiredis/hiredis.h(38): fatal error C1083: 无法打开包括文件: “sys/time.h”: No such file or directory
         redisssmng.cpp
     1>F:\demo\10-Common\include\system/hiredis/hiredis.h(38): fatal error C1083: 无法打开包括文件: “sys/time.h”: No such file or directory
         redisloginsession.cpp
     1>F:\demo\10-Common\include\system/hiredis/hiredis.h(38): fatal error C1083: 无法打开包括文件: “sys/time.h”: No such file or directory
         domainredissynctask.cpp
     1>F:\demo\10-Common\include\system/hiredis/hiredis.h(38): fatal error C1083: 无法打开包括文件: “sys/time.h”: No such file or directory
         rediscomm.cpp
     1>F:\demo\10-Common\include\system/hiredis/hiredis.h(38): fatal error C1083: 无法打开包括文件: “sys/time.h”: No such file or directory
         pusstask.cpp
     1>F:\demo\10-Common\include\system/hiredis/hiredis.h(38): fatal error C1083: 无法打开包括文件: “sys/time.h”: No such file or directory
         puregtask.cpp
     1>F:\demo\10-Common\include\system/hiredis/hiredis.h(38): fatal error C1083: 无法打开包括文件: “sys/time.h”: No such file or directory
         puptzctrltask.cpp
     1>F:\demo\10-Common\include\system/hiredis/hiredis.h(38): fatal error C1083: 无法打开包括文件: “sys/time.h”: No such file or directory
         pulistsstask.cpp
     1>F:\demo\10-Common\include\system/hiredis/hiredis.h(38): fatal error C1083: 无法打开包括文件: “sys/time.h”: No such file or directory
         puiregtask.cpp
     1>F:\demo\10-Common\include\system/hiredis/hiredis.h(38): fatal error C1083: 无法打开包括文件: “sys/time.h”: No such file or directory
         pudecinvitetask.cpp
     1>F:\demo\10-Common\include\system/hiredis/hiredis.h(38): fatal error C1083: 无法打开包括文件: “sys/time.h”: No such file or directory
         pubatchregtask.cpp
     1>F:\demo\10-Common\include\system/hiredis/hiredis.h(38): fatal error C1083: 无法打开包括文件: “sys/time.h”: No such file or directory
         nmstask.cpp
     1>F:\demo\10-Common\include\system/hiredis/hiredis.h(38): fatal error C1083: 无法打开包括文件: “sys/time.h”: No such file or directory
         main.cpp
     1>F:\demo\10-Common\include\system/hiredis/hiredis.h(38): fatal error C1083: 无法打开包括文件: “sys/time.h”: No such file or directory
         正在生成代码...
         正在编译...
         loginsession.cpp
         inviteswitchtask.cpp
     1>F:\demo\10-Common\include\system/hiredis/hiredis.h(38): fatal error C1083: 无法打开包括文件: “sys/time.h”: No such file or directory
         invitesenderswitchtask.cpp
     1>F:\demo\10-Common\include\system/hiredis/hiredis.h(38): fatal error C1083: 无法打开包括文件: “sys/time.h”: No such file or directory
         invitereceiverswitchtask.cpp
     1>F:\demo\10-Common\include\system/hiredis/hiredis.h(38): fatal error C1083: 无法打开包括文件: “sys/time.h”: No such file or directory
         getofflinedevtask.cpp
     1>F:\demo\10-Common\include\system/hiredis/hiredis.h(38): fatal error C1083: 无法打开包括文件: “sys/time.h”: No such file or directory
         flowctrltask.cpp
         domainpulistssertask.cpp
     1>F:\demo\10-Common\include\system/hiredis/hiredis.h(38): fatal error C1083: 无法打开包括文件: “sys/time.h”: No such file or directory
         domaincatalogssertask.cpp
     1>F:\demo\10-Common\include\system/hiredis/hiredis.h(38): fatal error C1083: 无法打开包括文件: “sys/time.h”: No such file or directory
         devlogintask.cpp
     1>F:\demo\10-Common\include\system/hiredis/hiredis.h(38): fatal error C1083: 无法打开包括文件: “sys/time.h”: No such file or directory
         culogintask.cpp
     1>F:\demo\10-Common\include\system/hiredis/hiredis.h(38): fatal error C1083: 无法打开包括文件: “sys/time.h”: No such file or directory
         cuiregtask.cpp
     1>F:\demo\10-Common\include\system/hiredis/hiredis.h(38): fatal error C1083: 无法打开包括文件: “sys/time.h”: No such file or directory
         cmupassiveconnecttask.cpp
     1>F:\demo\10-Common\include\system/hiredis/hiredis.h(38): fatal error C1083: 无法打开包括文件: “sys/time.h”: No such file or directory
         cmudbg.cpp
         cmudata.cpp
     1>F:\demo\10-Common\include\system/hiredis/hiredis.h(38): fatal error C1083: 无法打开包括文件: “sys/time.h”: No such file or directory
         cmucoreapp.cpp
     1>F:\demo\10-Common\include\system/hiredis/hiredis.h(38): fatal error C1083: 无法打开包括文件: “sys/time.h”: No such file or directory
         cmuconnecttask.cpp
     1>F:\demo\10-Common\include\system/hiredis/hiredis.h(38): fatal error C1083: 无法打开包括文件: “sys/time.h”: No such file or directory
         cmuconf.cpp
         cmemorymngtask.cpp
         catalogsstask.cpp
     1>F:\demo\10-Common\include\system/hiredis/hiredis.h(38): fatal error C1083: 无法打开包括文件: “sys/time.h”: No such file or directory
         3pctask.cpp
     1>F:\demo\10-Common\include\system/hiredis/hiredis.h(38): fatal error C1083: 无法打开包括文件: “sys/time.h”: No such file or directory
         正在生成代码...
         正在编译...
         3pcmsgentrytask.cpp
     1>F:\demo\10-Common\include\system/hiredis/hiredis.h(38): fatal error C1083: 无法打开包括文件: “sys/time.h”: No such file or directory
         3pcmsgtask.cpp
     1>F:\demo\10-Common\include\system/hiredis/hiredis.h(38): fatal error C1083: 无法打开包括文件: “sys/time.h”: No such file or directory
         3pcinvitetask.cpp
     1>F:\demo\10-Common\include\system/hiredis/hiredis.h(38): fatal error C1083: 无法打开包括文件: “sys/time.h”: No such file or directory
         3pcinviteentrytask.cpp
     1>F:\demo\10-Common\include\system/hiredis/hiredis.h(38): fatal error C1083: 无法打开包括文件: “sys/time.h”: No such file or directory
         正在生成代码...
     1>已完成生成项目“F:\demo\30-cms\cmu\prj_win\cmu.vcxproj”(Rebuild 个目标)的操作 - 失败。

生成失败。

已用时间 00:01:18.30
